[INFO] [launch]: All log files can be found below /home/mtt/.ros/log/2025-09-03-17-20-29-459379-mtt-74167
[INFO] [launch]: Default logging verbosity is set to INFO
[INFO] [mtt_ros_wrapper-4]: process started with pid [74185]
[INFO] [mtt_odometry_manager-5]: process started with pid [74186]
[INFO] [robot_state_publisher-1]: process started with pid [74182]
[INFO] [mtt_joint_controller-2]: process started with pid [74183]
[INFO] [static_transform_publisher-3]: process started with pid [74184]
[INFO] [joy_linux_node-6]: process started with pid [74187]
[INFO] [mtt_teleop_joy-7]: process started with pid [74188]
[INFO] [rviz2-8]: process started with pid [74189]
[static_transform_publisher-3] [WARN] [1756920029.750537503] []: Old-style arguments are deprecated; see --help for new-style arguments
[static_transform_publisher-3] [INFO] [1756920029.783664463] [static_map_odom]: Spinning until stopped - publishing transform
[static_transform_publisher-3] translation: ('0.000000', '0.000000', '0.000000')
[static_transform_publisher-3] rotation: ('0.000000', '0.000000', '0.000000', '1.000000')
[static_transform_publisher-3] from 'map' to 'odom'
[rviz2-8] Authorization required, but no authorization protocol specified
[rviz2-8] 
[rviz2-8] qt.qpa.xcb: could not connect to display :0
[rviz2-8] qt.qpa.plugin: Could not load the Qt platform plugin "xcb" in "" even though it was found.
[rviz2-8] This application failed to start because no Qt platform plugin could be initialized. Reinstalling the application may fix this problem.
[rviz2-8] 
[rviz2-8] Available platform plugins are: eglfs, linuxfb, minimal, minimalegl, offscreen, vnc, wayland-egl, wayland, wayland-xcomposite-egl, wayland-xcomposite-glx, xcb.
[rviz2-8] 
[robot_state_publisher-1] [INFO] [1756920029.791184159] [robot_state_publisher]: Robot initialized
[joy_linux_node-6] [WARN] [1756920029.793491953] [joy_node]: Couldn't open joystick force feedback: Bad file descriptor
[joy_linux_node-6] [INFO] [1756920029.793590734] [joy_node]: Opened joystick: /dev/input/js0. deadzone_: 0.150000.
[ERROR] [rviz2-8]: process has died [pid 74189, exit code -6, cmd '/opt/ros/jazzy/lib/rviz2/rviz2 -d /home/ws/install/mtt_description/share/mtt_description/rviz/urdf_config.rviz --ros-args -r __node:=mtt_rviz'].
[mtt_teleop_joy-7] [INFO] [1756920030.308929462] [mtt_teleop_joy_node]: MTT Teleop Node started.
[mtt_joint_controller-2] [INFO] [1756920030.667570159] [mtt_joint_controller]: MTT Joint Controller started
[mtt_ros_wrapper-4] [0m[INFO] [1756920030.689615114] [mtt_ros_wrapper]: Control frequency: 50.0Hz (period: 0.020000s)[0m
[mtt_ros_wrapper-4] [0m[INFO] [1756920030.690219304] [mtt_ros_wrapper]: CAN interface: can0[0m
[mtt_ros_wrapper-4] 2025-09-03 17:20:30,693 - MTTCanDriver - INFO - Successfully initialized CAN bus on 'can0'
[mtt_ros_wrapper-4] [0m[INFO] [1756920030.695433734] [mtt_ros_wrapper]: MTT Driver initialized[0m
[mtt_odometry_manager-5] [0m[INFO] [1756920030.725089321] [mtt_odometry_manager]: Distance conversion: unit=km scale=1.0 -> multiplier=1000.0[0m
[mtt_ros_wrapper-4] [0m[INFO] [1756920031.057398903] [mtt_ros_wrapper]: Wrapper ready (E-stop active - waiting for remote controller).[0m
[mtt_odometry_manager-5] [0m[INFO] [1756920031.082914465] [mtt_odometry_manager]: MTT Odometry Manager initialized - Mode: Single Trailer | odom_frame=odom, base_frame=base_footprint, pub=/mtt_odometry, sub=/mtt_tachometer, mode_sub=/mtt_driving_mode[0m
[mtt_ros_wrapper-4] [0m[INFO] [1756920031.617456419] [mtt_ros_wrapper]: Remote controller detected[0m
[mtt_ros_wrapper-4] [0m[INFO] [1756920031.617980381] [mtt_ros_wrapper]: Safety state transition: estopped -> ready[0m
[mtt_ros_wrapper-4] [0m[INFO] [1756920035.037294125] [mtt_ros_wrapper]: Safety state transition: ready -> active[0m
[mtt_ros_wrapper-4] 2025-09-03 17:20:35,037 - MTTCanDriver - INFO - E-STOP released
[mtt_ros_wrapper-4] [0m[INFO] [1756920035.039332998] [mtt_ros_wrapper]: System ACTIVE (remote + deadman)[0m
[mtt_ros_wrapper-4] [0m[INFO] [1756920035.644672529] [mtt_ros_wrapper]: Safety state transition: active -> ready[0m
[mtt_ros_wrapper-4] 2025-09-03 17:20:35,644 - MTTCanDriver - WARNING - Local E-STOP applied in driver
[mtt_ros_wrapper-4] [0m[INFO] [1756920035.646518822] [mtt_ros_wrapper]: E-STOP: Waiting for deadman (remote OK)[0m
[mtt_ros_wrapper-4] [0m[INFO] [1756920042.268687515] [mtt_ros_wrapper]: Safety state transition: ready -> active[0m
[mtt_ros_wrapper-4] 2025-09-03 17:20:42,268 - MTTCanDriver - INFO - E-STOP released
[mtt_ros_wrapper-4] [0m[INFO] [1756920042.270636536] [mtt_ros_wrapper]: System ACTIVE (remote + deadman)[0m
[mtt_ros_wrapper-4] [0m[INFO] [1756920042.671611086] [mtt_ros_wrapper]: Safety state transition: active -> ready[0m
[mtt_ros_wrapper-4] 2025-09-03 17:20:42,671 - MTTCanDriver - WARNING - Local E-STOP applied in driver
[mtt_ros_wrapper-4] [0m[INFO] [1756920042.673404735] [mtt_ros_wrapper]: E-STOP: Waiting for deadman (remote OK)[0m
[mtt_ros_wrapper-4] [0m[INFO] [1756920048.058068402] [mtt_ros_wrapper]: Safety state transition: ready -> active[0m
[mtt_ros_wrapper-4] 2025-09-03 17:20:48,058 - MTTCanDriver - INFO - E-STOP released
[mtt_ros_wrapper-4] [0m[INFO] [1756920048.059975972] [mtt_ros_wrapper]: System ACTIVE (remote + deadman)[0m
[mtt_ros_wrapper-4] [0m[INFO] [1756920048.533955528] [mtt_ros_wrapper]: Safety state transition: active -> ready[0m
[mtt_ros_wrapper-4] 2025-09-03 17:20:48,534 - MTTCanDriver - WARNING - Local E-STOP applied in driver
[mtt_ros_wrapper-4] [0m[INFO] [1756920048.535728431] [mtt_ros_wrapper]: E-STOP: Waiting for deadman (remote OK)[0m
[mtt_ros_wrapper-4] [0m[INFO] [1756920048.783168425] [mtt_ros_wrapper]: Safety state transition: ready -> active[0m
[mtt_ros_wrapper-4] 2025-09-03 17:20:48,783 - MTTCanDriver - INFO - E-STOP released
[mtt_ros_wrapper-4] [0m[INFO] [1756920048.784649584] [mtt_ros_wrapper]: System ACTIVE (remote + deadman)[0m
[mtt_ros_wrapper-4] [0m[INFO] [1756920049.448232264] [mtt_ros_wrapper]: Safety state transition: active -> ready[0m
[mtt_ros_wrapper-4] 2025-09-03 17:20:49,448 - MTTCanDriver - WARNING - Local E-STOP applied in driver
[mtt_ros_wrapper-4] [0m[INFO] [1756920049.451201144] [mtt_ros_wrapper]: E-STOP: Waiting for deadman (remote OK)[0m
[mtt_ros_wrapper-4] [0m[INFO] [1756920051.705827825] [mtt_ros_wrapper]: Safety state transition: ready -> active[0m
[mtt_ros_wrapper-4] 2025-09-03 17:20:51,706 - MTTCanDriver - INFO - E-STOP released
[mtt_ros_wrapper-4] [0m[INFO] [1756920051.708738424] [mtt_ros_wrapper]: System ACTIVE (remote + deadman)[0m
[mtt_ros_wrapper-4] [0m[INFO] [1756920052.418922604] [mtt_ros_wrapper]: Safety state transition: active -> ready[0m
[mtt_ros_wrapper-4] 2025-09-03 17:20:52,419 - MTTCanDriver - WARNING - Local E-STOP applied in driver
[mtt_ros_wrapper-4] [0m[INFO] [1756920052.420708007] [mtt_ros_wrapper]: E-STOP: Waiting for deadman (remote OK)[0m
[mtt_ros_wrapper-4] [0m[INFO] [1756920052.585422581] [mtt_ros_wrapper]: Safety state transition: ready -> active[0m
[mtt_ros_wrapper-4] 2025-09-03 17:20:52,585 - MTTCanDriver - INFO - E-STOP released
[mtt_ros_wrapper-4] [0m[INFO] [1756920052.586168262] [mtt_ros_wrapper]: System ACTIVE (remote + deadman)[0m
[mtt_ros_wrapper-4] [0m[INFO] [1756920053.127762636] [mtt_ros_wrapper]: Safety state transition: active -> ready[0m
[mtt_ros_wrapper-4] 2025-09-03 17:20:53,127 - MTTCanDriver - WARNING - Local E-STOP applied in driver
[mtt_ros_wrapper-4] [0m[INFO] [1756920053.129540291] [mtt_ros_wrapper]: E-STOP: Waiting for deadman (remote OK)[0m
[mtt_ros_wrapper-4] [0m[INFO] [1756920053.398599305] [mtt_ros_wrapper]: Safety state transition: ready -> active[0m
[mtt_ros_wrapper-4] 2025-09-03 17:20:53,398 - MTTCanDriver - INFO - E-STOP released
[mtt_ros_wrapper-4] [0m[INFO] [1756920053.400568087] [mtt_ros_wrapper]: System ACTIVE (remote + deadman)[0m
[mtt_ros_wrapper-4] [0m[INFO] [1756920053.801694200] [mtt_ros_wrapper]: Safety state transition: active -> ready[0m
[mtt_ros_wrapper-4] 2025-09-03 17:20:53,801 - MTTCanDriver - WARNING - Local E-STOP applied in driver
[mtt_ros_wrapper-4] [0m[INFO] [1756920053.803458157] [mtt_ros_wrapper]: E-STOP: Waiting for deadman (remote OK)[0m
[mtt_ros_wrapper-4] [0m[INFO] [1756920053.950004287] [mtt_ros_wrapper]: Safety state transition: ready -> active[0m
[mtt_ros_wrapper-4] 2025-09-03 17:20:53,950 - MTTCanDriver - INFO - E-STOP released
[mtt_ros_wrapper-4] [0m[INFO] [1756920053.952074080] [mtt_ros_wrapper]: System ACTIVE (remote + deadman)[0m
[mtt_ros_wrapper-4] [0m[INFO] [1756920054.259878856] [mtt_ros_wrapper]: Safety state transition: active -> ready[0m
[mtt_ros_wrapper-4] 2025-09-03 17:20:54,259 - MTTCanDriver - WARNING - Local E-STOP applied in driver
[mtt_ros_wrapper-4] [0m[INFO] [1756920054.260875429] [mtt_ros_wrapper]: E-STOP: Waiting for deadman (remote OK)[0m
[mtt_ros_wrapper-4] [0m[INFO] [1756920054.549462605] [mtt_ros_wrapper]: Safety state transition: ready -> active[0m
[mtt_ros_wrapper-4] 2025-09-03 17:20:54,549 - MTTCanDriver - INFO - E-STOP released
[mtt_ros_wrapper-4] [0m[INFO] [1756920054.552007256] [mtt_ros_wrapper]: System ACTIVE (remote + deadman)[0m
[mtt_ros_wrapper-4] [0m[INFO] [1756920054.838219148] [mtt_ros_wrapper]: Safety state transition: active -> ready[0m
[mtt_ros_wrapper-4] 2025-09-03 17:20:54,838 - MTTCanDriver - WARNING - Local E-STOP applied in driver
[mtt_ros_wrapper-4] [0m[INFO] [1756920054.839985114] [mtt_ros_wrapper]: E-STOP: Waiting for deadman (remote OK)[0m
[mtt_ros_wrapper-4] [0m[INFO] [1756920054.946307454] [mtt_ros_wrapper]: Safety state transition: ready -> active[0m
[mtt_ros_wrapper-4] 2025-09-03 17:20:54,946 - MTTCanDriver - INFO - E-STOP released
[mtt_ros_wrapper-4] [0m[INFO] [1756920054.948188566] [mtt_ros_wrapper]: System ACTIVE (remote + deadman)[0m
[mtt_ros_wrapper-4] [0m[INFO] [1756920055.138530163] [mtt_ros_wrapper]: Safety state transition: active -> ready[0m
[mtt_ros_wrapper-4] 2025-09-03 17:20:55,138 - MTTCanDriver - WARNING - Local E-STOP applied in driver
[mtt_ros_wrapper-4] [0m[INFO] [1756920055.140282900] [mtt_ros_wrapper]: E-STOP: Waiting for deadman (remote OK)[0m
[mtt_ros_wrapper-4] [0m[INFO] [1756920055.210681352] [mtt_ros_wrapper]: Safety state transition: ready -> active[0m
[mtt_ros_wrapper-4] 2025-09-03 17:20:55,210 - MTTCanDriver - INFO - E-STOP released
[mtt_ros_wrapper-4] [0m[INFO] [1756920055.212592275] [mtt_ros_wrapper]: System ACTIVE (remote + deadman)[0m
[mtt_ros_wrapper-4] [0m[INFO] [1756920055.377282089] [mtt_ros_wrapper]: Safety state transition: active -> ready[0m
[mtt_ros_wrapper-4] 2025-09-03 17:20:55,377 - MTTCanDriver - WARNING - Local E-STOP applied in driver
[mtt_ros_wrapper-4] [0m[INFO] [1756920055.379050445] [mtt_ros_wrapper]: E-STOP: Waiting for deadman (remote OK)[0m
[mtt_ros_wrapper-4] [0m[INFO] [1756920055.438084741] [mtt_ros_wrapper]: Safety state transition: ready -> active[0m
[mtt_ros_wrapper-4] 2025-09-03 17:20:55,438 - MTTCanDriver - INFO - E-STOP released
[mtt_ros_wrapper-4] [0m[INFO] [1756920055.439960906] [mtt_ros_wrapper]: System ACTIVE (remote + deadman)[0m
[mtt_ros_wrapper-4] [0m[INFO] [1756920055.609036760] [mtt_ros_wrapper]: Safety state transition: active -> ready[0m
[mtt_ros_wrapper-4] 2025-09-03 17:20:55,609 - MTTCanDriver - WARNING - Local E-STOP applied in driver
[mtt_ros_wrapper-4] [0m[INFO] [1756920055.609609482] [mtt_ros_wrapper]: E-STOP: Waiting for deadman (remote OK)[0m
[mtt_ros_wrapper-4] [0m[INFO] [1756920212.911604529] [mtt_ros_wrapper]: Safety state transition: ready -> active[0m
[mtt_ros_wrapper-4] 2025-09-03 17:23:32,911 - MTTCanDriver - INFO - E-STOP released
[mtt_ros_wrapper-4] [0m[INFO] [1756920212.913596892] [mtt_ros_wrapper]: System ACTIVE (remote + deadman)[0m
[mtt_ros_wrapper-4] [0m[INFO] [1756920214.291633554] [mtt_ros_wrapper]: Safety state transition: active -> ready[0m
[mtt_ros_wrapper-4] 2025-09-03 17:23:34,291 - MTTCanDriver - WARNING - Local E-STOP applied in driver
[mtt_ros_wrapper-4] [0m[INFO] [1756920214.293414324] [mtt_ros_wrapper]: E-STOP: Waiting for deadman (remote OK)[0m
[mtt_ros_wrapper-4] [0m[INFO] [1756920216.239649705] [mtt_ros_wrapper]: Safety state transition: ready -> active[0m
[mtt_ros_wrapper-4] 2025-09-03 17:23:36,239 - MTTCanDriver - INFO - E-STOP released
[mtt_ros_wrapper-4] [0m[INFO] [1756920216.240328154] [mtt_ros_wrapper]: System ACTIVE (remote + deadman)[0m
[mtt_ros_wrapper-4] [0m[INFO] [1756920217.047787883] [mtt_ros_wrapper]: Safety state transition: active -> ready[0m
[mtt_ros_wrapper-4] 2025-09-03 17:23:37,047 - MTTCanDriver - WARNING - Local E-STOP applied in driver
[mtt_ros_wrapper-4] [0m[INFO] [1756920217.049550489] [mtt_ros_wrapper]: E-STOP: Waiting for deadman (remote OK)[0m
[mtt_ros_wrapper-4] [0m[INFO] [1756920226.427112359] [mtt_ros_wrapper]: Safety state transition: ready -> active[0m
[mtt_ros_wrapper-4] 2025-09-03 17:23:46,427 - MTTCanDriver - INFO - E-STOP released
[mtt_ros_wrapper-4] [0m[INFO] [1756920226.429780991] [mtt_ros_wrapper]: System ACTIVE (remote + deadman)[0m
[mtt_ros_wrapper-4] [0m[INFO] [1756920243.141984743] [mtt_ros_wrapper]: Safety state transition: active -> ready[0m
[mtt_ros_wrapper-4] 2025-09-03 17:24:03,142 - MTTCanDriver - WARNING - Local E-STOP applied in driver
[mtt_ros_wrapper-4] [0m[INFO] [1756920243.143780432] [mtt_ros_wrapper]: E-STOP: Waiting for deadman (remote OK)[0m
[mtt_ros_wrapper-4] [0m[INFO] [1756920247.643222352] [mtt_ros_wrapper]: Safety state transition: ready -> active[0m
[mtt_ros_wrapper-4] 2025-09-03 17:24:07,643 - MTTCanDriver - INFO - E-STOP released
[mtt_ros_wrapper-4] [0m[INFO] [1756920247.646476150] [mtt_ros_wrapper]: System ACTIVE (remote + deadman)[0m
[mtt_ros_wrapper-4] [0m[INFO] [1756920252.018835603] [mtt_ros_wrapper]: Safety state transition: active -> ready[0m
[mtt_ros_wrapper-4] 2025-09-03 17:24:12,018 - MTTCanDriver - WARNING - Local E-STOP applied in driver
[mtt_ros_wrapper-4] [0m[INFO] [1756920252.020632747] [mtt_ros_wrapper]: E-STOP: Waiting for deadman (remote OK)[0m
[mtt_ros_wrapper-4] [0m[INFO] [1756920263.130580073] [mtt_ros_wrapper]: Safety state transition: ready -> active[0m
[mtt_ros_wrapper-4] 2025-09-03 17:24:23,130 - MTTCanDriver - INFO - E-STOP released
[mtt_ros_wrapper-4] [0m[INFO] [1756920263.132507188] [mtt_ros_wrapper]: System ACTIVE (remote + deadman)[0m
[mtt_ros_wrapper-4] [0m[INFO] [1756920265.974604955] [mtt_ros_wrapper]: Safety state transition: active -> ready[0m
[mtt_ros_wrapper-4] 2025-09-03 17:24:25,974 - MTTCanDriver - WARNING - Local E-STOP applied in driver
[mtt_ros_wrapper-4] [0m[INFO] [1756920265.976743209] [mtt_ros_wrapper]: E-STOP: Waiting for deadman (remote OK)[0m
[WARNING] [launch]: user interrupted with ctrl-c (SIGINT)
[static_transform_publisher-3] [INFO] [1756920978.156478809] [rclcpp]: signal_handler(signum=2)
[robot_state_publisher-1] [INFO] [1756920978.156582693] [rclcpp]: signal_handler(signum=2)
[joy_linux_node-6] [INFO] [1756920978.156476391] [rclcpp]: signal_handler(signum=2)
[mtt_ros_wrapper-4] [0m[INFO] [1756920978.159600390] [mtt_ros_wrapper]: Shutting down MTT driver - applying emergency stop[0m
[mtt_ros_wrapper-4] Failed to publish log message to rosout: publisher's context is invalid, at ./src/rcl/publisher.c:423
[mtt_teleop_joy-7] Traceback (most recent call last):
[mtt_teleop_joy-7]   File "/home/ws/install/mtt_driver/lib/mtt_driver/mtt_teleop_joy", line 33, in <module>
[mtt_teleop_joy-7]     sys.exit(load_entry_point('mtt-driver', 'console_scripts', 'mtt_teleop_joy')())
[mtt_teleop_joy-7]              ^^^^^^^^^^^^^^^^^^^^^^^^^^^^^^^^^^^^^^^^^^^^^^^^^^^^^^^^^^^^^^^^^^^^^
[mtt_teleop_joy-7]   File "/home/ws/build/mtt_driver/mtt_driver/mtt_teleop_joy.py", line 56, in main
[mtt_teleop_joy-7]     rclpy.spin(teleop_node)
[mtt_teleop_joy-7]   File "/opt/ros/jazzy/lib/python3.12/site-packages/rclpy/__init__.py", line 247, in spin
[mtt_teleop_joy-7]     executor.spin_once()
[mtt_teleop_joy-7]   File "/opt/ros/jazzy/lib/python3.12/site-packages/rclpy/executors.py", line 839, in spin_once
[mtt_teleop_joy-7]     self._spin_once_impl(timeout_sec)
[mtt_teleop_joy-7]   File "/opt/ros/jazzy/lib/python3.12/site-packages/rclpy/executors.py", line 823, in _spin_once_impl
[mtt_teleop_joy-7]     handler, entity, node = self.wait_for_ready_callbacks(
[mtt_teleop_joy-7]                             ^^^^^^^^^^^^^^^^^^^^^^^^^^^^^^
[mtt_teleop_joy-7]   File "/opt/ros/jazzy/lib/python3.12/site-packages/rclpy/executors.py", line 793, in wait_for_ready_callbacks
[mtt_teleop_joy-7]     return next(self._cb_iter)
[mtt_teleop_joy-7]            ^^^^^^^^^^^^^^^^^^^
[mtt_teleop_joy-7]   File "/opt/ros/jazzy/lib/python3.12/site-packages/rclpy/executors.py", line 697, in _wait_for_ready_callbacks
[mtt_teleop_joy-7]     wait_set.wait(timeout_nsec)
[mtt_teleop_joy-7] KeyboardInterrupt
[joy_linux_node-6] terminate called after throwing an instance of 'rclcpp::exceptions::RCLError'
[joy_linux_node-6]   what():  failed to create guard condition: the given context is not valid, either rcl_init() was not called or rcl_shutdown() was called., at ./src/rcl/guard_condition.c:67
[mtt_ros_wrapper-4] 2025-09-03 17:36:18,193 - MTTCanDriver - INFO - CAN driver cleaned up
[mtt_joint_controller-2] Traceback (most recent call last):
[mtt_joint_controller-2]   File "/home/ws/install/mtt_driver/lib/mtt_driver/mtt_joint_controller", line 33, in <module>
[mtt_joint_controller-2]     sys.exit(load_entry_point('mtt-driver', 'console_scripts', 'mtt_joint_controller')())
[mtt_joint_controller-2]              ^^^^^^^^^^^^^^^^^^^^^^^^^^^^^^^^^^^^^^^^^^^^^^^^^^^^^^^^^^^^^^^^^^^^^^^^^^^
[mtt_joint_controller-2]   File "/home/ws/build/mtt_driver/mtt_driver/mtt_joint_controller.py", line 122, in main
[mtt_joint_controller-2]     rclpy.shutdown()
[mtt_joint_controller-2]   File "/opt/ros/jazzy/lib/python3.12/site-packages/rclpy/__init__.py", line 134, in shutdown
[mtt_joint_controller-2]     _shutdown(context=context)
[mtt_joint_controller-2]   File "/opt/ros/jazzy/lib/python3.12/site-packages/rclpy/utilities.py", line 82, in shutdown
[mtt_joint_controller-2]     context.shutdown()
[mtt_joint_controller-2]   File "/opt/ros/jazzy/lib/python3.12/site-packages/rclpy/context.py", line 129, in shutdown
[mtt_joint_controller-2]     self.__context.shutdown()
[mtt_joint_controller-2] rclpy._rclpy_pybind11.RCLError: failed to shutdown: rcl_shutdown already called on the given context, at ./src/rcl/init.c:333
[mtt_odometry_manager-5] Traceback (most recent call last):
[mtt_odometry_manager-5]   File "/home/ws/install/mtt_driver/lib/mtt_driver/mtt_odometry_manager", line 33, in <module>
[mtt_odometry_manager-5]     sys.exit(load_entry_point('mtt-driver', 'console_scripts', 'mtt_odometry_manager')())
[mtt_odometry_manager-5]              ^^^^^^^^^^^^^^^^^^^^^^^^^^^^^^^^^^^^^^^^^^^^^^^^^^^^^^^^^^^^^^^^^^^^^^^^^^^
[mtt_odometry_manager-5]   File "/home/ws/build/mtt_driver/mtt_driver/mtt_odometry_manager.py", line 709, in main
[mtt_odometry_manager-5]     rclpy.shutdown()
[mtt_odometry_manager-5]   File "/opt/ros/jazzy/lib/python3.12/site-packages/rclpy/__init__.py", line 134, in shutdown
[mtt_odometry_manager-5]     _shutdown(context=context)
[mtt_odometry_manager-5]   File "/opt/ros/jazzy/lib/python3.12/site-packages/rclpy/utilities.py", line 82, in shutdown
[mtt_odometry_manager-5]     context.shutdown()
[mtt_odometry_manager-5]   File "/opt/ros/jazzy/lib/python3.12/site-packages/rclpy/context.py", line 129, in shutdown
[mtt_odometry_manager-5]     self.__context.shutdown()
[mtt_odometry_manager-5] rclpy._rclpy_pybind11.RCLError: failed to shutdown: rcl_shutdown already called on the given context, at ./src/rcl/init.c:333
[mtt_ros_wrapper-4] Traceback (most recent call last):
[mtt_ros_wrapper-4]   File "/home/ws/install/mtt_driver/lib/mtt_driver/mtt_ros_wrapper", line 33, in <module>
[mtt_ros_wrapper-4]     sys.exit(load_entry_point('mtt-driver', 'console_scripts', 'mtt_ros_wrapper')())
[mtt_ros_wrapper-4]              ^^^^^^^^^^^^^^^^^^^^^^^^^^^^^^^^^^^^^^^^^^^^^^^^^^^^^^^^^^^^^^^^^^^^^^
[mtt_ros_wrapper-4]   File "/home/ws/build/mtt_driver/mtt_driver/mtt_ros_wrapper.py", line 426, in main
[mtt_ros_wrapper-4]     rclpy.shutdown()
[mtt_ros_wrapper-4]   File "/opt/ros/jazzy/lib/python3.12/site-packages/rclpy/__init__.py", line 134, in shutdown
[mtt_ros_wrapper-4]     _shutdown(context=context)
[mtt_ros_wrapper-4]   File "/opt/ros/jazzy/lib/python3.12/site-packages/rclpy/utilities.py", line 82, in shutdown
[mtt_ros_wrapper-4]     context.shutdown()
[mtt_ros_wrapper-4]   File "/opt/ros/jazzy/lib/python3.12/site-packages/rclpy/context.py", line 129, in shutdown
[mtt_ros_wrapper-4]     self.__context.shutdown()
[mtt_ros_wrapper-4] rclpy._rclpy_pybind11.RCLError: failed to shutdown: rcl_shutdown already called on the given context, at ./src/rcl/init.c:333
[ERROR] [mtt_teleop_joy-7]: process has died [pid 74188, exit code -2, cmd '/home/ws/install/mtt_driver/lib/mtt_driver/mtt_teleop_joy --ros-args -r __node:=mtt_teleop_joy_node'].
[mtt_ros_wrapper-4] 2025-09-03 17:36:18,259 - MTTCanDriver - INFO - CAN driver cleaned up
[INFO] [static_transform_publisher-3]: process has finished cleanly [pid 74184]
[WARNING] [launch]: user interrupted with ctrl-c (SIGINT) again, ignoring...
[INFO] [robot_state_publisher-1]: process has finished cleanly [pid 74182]
[ERROR] [mtt_ros_wrapper-4]: process has died [pid 74185, exit code -2, cmd '/home/ws/install/mtt_driver/lib/mtt_driver/mtt_ros_wrapper --ros-args -r __node:=mtt_ros_wrapper --params-file /tmp/launch_params_uonuvvlm'].
[ERROR] [mtt_joint_controller-2]: process has died [pid 74183, exit code -2, cmd '/home/ws/install/mtt_driver/lib/mtt_driver/mtt_joint_controller --ros-args -r __node:=mtt_joint_controller'].
[ERROR] [mtt_odometry_manager-5]: process has died [pid 74186, exit code -2, cmd '/home/ws/install/mtt_driver/lib/mtt_driver/mtt_odometry_manager --ros-args --log-level INFO --ros-args -r __node:=mtt_odometry_manager --params-file /tmp/launch_params_wrvtf0xu'].
[ERROR] [joy_linux_node-6]: process has died [pid 74187, exit code -6, cmd '/opt/ros/jazzy/lib/joy_linux/joy_linux_node --ros-args -r __node:=joy_node --params-file /tmp/launch_params_yghmmkbt'].
